Determining if the pthread_create exist failed with the following output:
Change Dir: /home/guilherme/Drive/research/ic-glauco/kuka-cpp/build/CMakeFiles/CMakeTmp

Run Build Command:"/usr/bin/make" "cmTC_23eeb/fast"
/usr/bin/make -f CMakeFiles/cmTC_23eeb.dir/build.make CMakeFiles/cmTC_23eeb.dir/build
make[1]: Entering directory '/home/guilherme/Drive/research/ic-glauco/kuka-cpp/build/CMakeFiles/CMakeTmp'
Building C object CMakeFiles/cmTC_23eeb.dir/CheckSymbolExists.c.o
/usr/bin/cc     -o CMakeFiles/cmTC_23eeb.dir/CheckSymbolExists.c.o   -c /home/guilherme/Drive/research/ic-glauco/kuka-cpp/build/CMakeFiles/CMakeTmp/CheckSymbolExists.c
Linking C executable cmTC_23eeb
/usr/bin/cmake -E cmake_link_script CMakeFiles/cmTC_23eeb.dir/link.txt --verbose=1
/usr/bin/cc       CMakeFiles/cmTC_23eeb.dir/CheckSymbolExists.c.o  -o cmTC_23eeb 
CMakeFiles/cmTC_23eeb.dir/CheckSymbolExists.c.o: In function `main':
CheckSymbolExists.c:(.text+0x16): undefined reference to `pthread_create'
collect2: error: ld returned 1 exit status
CMakeFiles/cmTC_23eeb.dir/build.make:97: recipe for target 'cmTC_23eeb' failed
make[1]: *** [cmTC_23eeb] Error 1
make[1]: Leaving directory '/home/guilherme/Drive/research/ic-glauco/kuka-cpp/build/CMakeFiles/CMakeTmp'
Makefile:126: recipe for target 'cmTC_23eeb/fast' failed
make: *** [cmTC_23eeb/fast] Error 2

File /home/guilherme/Drive/research/ic-glauco/kuka-cpp/build/CMakeFiles/CMakeTmp/CheckSymbolExists.c:
/* */
#include <pthread.h>

int main(int argc, char** argv)
{
  (void)argv;
#ifndef pthread_create
  return ((int*)(&pthread_create))[argc];
#else
  (void)argc;
  return 0;
#endif
}

Determining if the function pthread_create exists in the pthreads failed with the following output:
Change Dir: /home/guilherme/Drive/research/ic-glauco/kuka-cpp/build/CMakeFiles/CMakeTmp

Run Build Command:"/usr/bin/make" "cmTC_2b6a4/fast"
/usr/bin/make -f CMakeFiles/cmTC_2b6a4.dir/build.make CMakeFiles/cmTC_2b6a4.dir/build
make[1]: Entering directory '/home/guilherme/Drive/research/ic-glauco/kuka-cpp/build/CMakeFiles/CMakeTmp'
Building C object CMakeFiles/cmTC_2b6a4.dir/CheckFunctionExists.c.o
/usr/bin/cc    -DCHECK_FUNCTION_EXISTS=pthread_create   -o CMakeFiles/cmTC_2b6a4.dir/CheckFunctionExists.c.o   -c /usr/share/cmake-3.5/Modules/CheckFunctionExists.c
Linking C executable cmTC_2b6a4
/usr/bin/cmake -E cmake_link_script CMakeFiles/cmTC_2b6a4.dir/link.txt --verbose=1
/usr/bin/cc   -DCHECK_FUNCTION_EXISTS=pthread_create    CMakeFiles/cmTC_2b6a4.dir/CheckFunctionExists.c.o  -o cmTC_2b6a4 -lpthreads 
/usr/bin/ld: cannot find -lpthreads
collect2: error: ld returned 1 exit status
CMakeFiles/cmTC_2b6a4.dir/build.make:97: recipe for target 'cmTC_2b6a4' failed
make[1]: *** [cmTC_2b6a4] Error 1
make[1]: Leaving directory '/home/guilherme/Drive/research/ic-glauco/kuka-cpp/build/CMakeFiles/CMakeTmp'
Makefile:126: recipe for target 'cmTC_2b6a4/fast' failed
make: *** [cmTC_2b6a4/fast] Error 2


